Game/Temp/gradleOut/launcher/build/intermediates/manifest_merge_blame_file/debug/manifest-merger-blame-debug-report.txt
1<?xml version="1.0" encoding="utf-8"?>
2<!-- GENERATED BY UNITY. REMOVE THIS COMMENT TO PREVENT OVERWRITING WHEN EXPORTING AGAIN -->
3<manifest xmlns:android="http://schemas.android.com/apk/res/android"
4    package="com.DefaultCompany.TheLeaderboardGame"
5    android:installLocation="preferExternal"
6    android:versionCode="1"
7    android:versionName="0.1" >
8
9    <uses-sdk
10        android:minSdkVersion="19"
10-->src\main\AndroidManifest.xml
11        android:targetSdkVersion="31" />
11-->src\main\AndroidManifest.xml
12
13    <supports-screens
13-->src\main\AndroidManifest.xml:4:3-163
14        android:anyDensity="true"
14-->src\main\AndroidManifest.xml:4:135-160
15        android:largeScreens="true"
15-->src\main\AndroidManifest.xml:4:78-105
16        android:normalScreens="true"
16-->src\main\AndroidManifest.xml:4:49-77
17        android:smallScreens="true"
17-->src\main\AndroidManifest.xml:4:21-48
18        android:xlargeScreens="true" />
18-->src\main\AndroidManifest.xml:4:106-134
19
20    <uses-feature android:glEsVersion="0x00030000" />
20-->[:unityLibrary] AndroidManifest.xml:13:5-54
20-->[:unityLibrary] AndroidManifest.xml:13:19-51
21    <uses-feature
21-->[:unityLibrary] AndroidManifest.xml:14:5-16:36
22        android:name="android.hardware.vulkan.version"
22-->[:unityLibrary] AndroidManifest.xml:15:9-55
23        android:required="false" />
23-->[:unityLibrary] AndroidManifest.xml:16:9-33
24
25    <uses-permission android:name="android.permission.INTERNET" />
25-->[:unityLibrary] AndroidManifest.xml:18:5-67
25-->[:unityLibrary] AndroidManifest.xml:18:22-64
26
27    <uses-feature
27-->[:unityLibrary] AndroidManifest.xml:20:5-22:36
28        android:name="android.hardware.touchscreen"
28-->[:unityLibrary] AndroidManifest.xml:21:9-52
29        android:required="false" />
29-->[:unityLibrary] AndroidManifest.xml:22:9-33
30    <uses-feature
30-->[:unityLibrary] AndroidManifest.xml:23:5-25:36
31        android:name="android.hardware.touchscreen.multitouch"
31-->[:unityLibrary] AndroidManifest.xml:24:9-63
32        android:required="false" />
32-->[:unityLibrary] AndroidManifest.xml:25:9-33
33    <uses-feature
33-->[:unityLibrary] AndroidManifest.xml:26:5-28:36
34        android:name="android.hardware.touchscreen.multitouch.distinct"
34-->[:unityLibrary] AndroidManifest.xml:27:9-72
35        android:required="false" />
35-->[:unityLibrary] AndroidManifest.xml:28:9-33
36
37    <application
37-->src\main\AndroidManifest.xml:5:3-116
38        android:debuggable="true"
39        android:extractNativeLibs="true"
39-->src\main\AndroidManifest.xml:5:16-48
40        android:icon="@mipmap/app_icon"
40-->src\main\AndroidManifest.xml:5:82-113
41        android:label="@string/app_name" >
41-->src\main\AndroidManifest.xml:5:49-81
42        <activity
42-->[:unityLibrary] AndroidManifest.xml:31:9-52:20
43            android:name="com.unity3d.player.UnityPlayerActivity"
43-->[:unityLibrary] AndroidManifest.xml:32:13-66
44            android:configChanges="mcc|mnc|locale|touchscreen|keyboard|keyboardHidden|navigation|orientation|screenLayout|uiMode|screenSize|smallestScreenSize|fontScale|layoutDirection|density"
44-->[:unityLibrary] AndroidManifest.xml:33:13-194
45            android:exported="true"
45-->[:unityLibrary] AndroidManifest.xml:34:13-36
46            android:hardwareAccelerated="false"
46-->[:unityLibrary] AndroidManifest.xml:35:13-48
47            android:launchMode="singleTask"
47-->[:unityLibrary] AndroidManifest.xml:36:13-44
48            android:resizeableActivity="false"
48-->[:unityLibrary] AndroidManifest.xml:37:13-47
49            android:screenOrientation="portrait"
49-->[:unityLibrary] AndroidManifest.xml:38:13-49
50            android:theme="@style/UnityThemeSelector" >
50-->[:unityLibrary] AndroidManifest.xml:39:13-54
51            <intent-filter>
51-->[:unityLibrary] AndroidManifest.xml:40:13-44:29
52                <action android:name="android.intent.action.MAIN" />
52-->[:unityLibrary] AndroidManifest.xml:41:17-69
52-->[:unityLibrary] AndroidManifest.xml:41:25-66
53
54                <category android:name="android.intent.category.LAUNCHER" />
54-->[:unityLibrary] AndroidManifest.xml:43:17-77
54-->[:unityLibrary] AndroidManifest.xml:43:27-74
55            </intent-filter>
56
57            <meta-data
57-->[:unityLibrary] AndroidManifest.xml:46:13-48:40
58                android:name="unityplayer.UnityActivity"
58-->[:unityLibrary] AndroidManifest.xml:47:17-57
59                android:value="true" />
59-->[:unityLibrary] AndroidManifest.xml:48:17-37
60            <meta-data
60-->[:unityLibrary] AndroidManifest.xml:49:13-51:40
61                android:name="android.notch_support"
61-->[:unityLibrary] AndroidManifest.xml:50:17-53
62                android:value="true" />
62-->[:unityLibrary] AndroidManifest.xml:51:17-37
63        </activity>
64
65        <meta-data
65-->[:unityLibrary] AndroidManifest.xml:54:9-56:33
66            android:name="unity.splash-mode"
66-->[:unityLibrary] AndroidManifest.xml:55:13-45
67            android:value="0" />
67-->[:unityLibrary] AndroidManifest.xml:56:13-30
68        <meta-data
68-->[:unityLibrary] AndroidManifest.xml:57:9-59:36
69            android:name="unity.splash-enable"
69-->[:unityLibrary] AndroidManifest.xml:58:13-47
70            android:value="True" />
70-->[:unityLibrary] AndroidManifest.xml:59:13-33
71        <meta-data
71-->[:unityLibrary] AndroidManifest.xml:60:9-62:37
72            android:name="unity.allow-resizable-window"
72-->[:unityLibrary] AndroidManifest.xml:61:13-56
73            android:value="False" />
73-->[:unityLibrary] AndroidManifest.xml:62:13-34
74        <meta-data
74-->[:unityLibrary] AndroidManifest.xml:63:9-65:50
75            android:name="notch.config"
75-->[:unityLibrary] AndroidManifest.xml:64:13-40
76            android:value="portrait|landscape" />
76-->[:unityLibrary] AndroidManifest.xml:65:13-47
77        <meta-data
77-->[:unityLibrary] AndroidManifest.xml:66:9-68:68
78            android:name="unity.build-id"
78-->[:unityLibrary] AndroidManifest.xml:67:13-42
79            android:value="902797f4-19d8-4ac0-891b-b1a088e0d8aa" />
79-->[:unityLibrary] AndroidManifest.xml:68:13-65
80
81        <receiver
81-->[:unityLibrary] AndroidManifest.xml:70:9-72:39
82            android:name="com.unity.androidnotifications.UnityNotificationManager"
82-->[:unityLibrary] AndroidManifest.xml:71:13-83
83            android:exported="true" />
83-->[:unityLibrary] AndroidManifest.xml:72:13-36
84        <receiver
84-->[:unityLibrary] AndroidManifest.xml:73:9-79:20
85            android:name="com.unity.androidnotifications.UnityNotificationRestartOnBootReceiver"
85-->[:unityLibrary] AndroidManifest.xml:74:13-97
86            android:enabled="false" >
86-->[:unityLibrary] AndroidManifest.xml:75:13-36
87            <intent-filter>
87-->[:unityLibrary] AndroidManifest.xml:76:13-78:29
88                <action android:name="android.intent.action.BOOT_COMPLETED" />
88-->[:unityLibrary] AndroidManifest.xml:77:17-79
88-->[:unityLibrary] AndroidManifest.xml:77:25-76
89            </intent-filter>
90        </receiver>
91    </application>
92
93</manifest>